<?xml version="1.0" encoding="UTF-8"?>
<testng-results ignored="0" total="3" passed="3" failed="0" skipped="0">
  <reporter-output>
  </reporter-output>
  <suite started-at="2024-10-30T03:20:18Z" name="Suite" finished-at="2024-10-30T03:20:21Z" duration-ms="2584">
    <groups>
      <group name="cucumber">
        <method signature="AbstractTestNGCucumberTests.runScenario(io.cucumber.testng.PickleWrapper, io.cucumber.testng.FeatureWrapper)[pri:0, instance:com.runner.SLLoginRunner@205d38da]" name="runScenario" class="io.cucumber.testng.AbstractTestNGCucumberTests"/>
        <method signature="AbstractTestNGCucumberTests.runScenario(io.cucumber.testng.PickleWrapper, io.cucumber.testng.FeatureWrapper)[pri:0, instance:com.runner.SLLogoutRunner@6950ed69]" name="runScenario" class="io.cucumber.testng.AbstractTestNGCucumberTests"/>
      </group> <!-- cucumber -->
    </groups>
    <test started-at="2024-10-30T03:20:18Z" name="Test" finished-at="2024-10-30T03:20:21Z" duration-ms="2584">
      <class name="com.runner.SLLoginRunner">
        <test-method is-config="true" signature="setup()[pri:0, instance:com.runner.SLLoginRunner@205d38da]" started-at="2024-10-30T03:20:18Z" name="setup" finished-at="2024-10-30T03:20:18Z" duration-ms="5" status="PASS">
          <reporter-output>
          </reporter-output>
        </test-method> <!-- setup -->
        <test-method is-config="true" signature="setup()[pri:0, instance:com.runner.SLLogoutRunner@6950ed69]" started-at="2024-10-30T03:20:18Z" name="setup" finished-at="2024-10-30T03:20:18Z" duration-ms="0" status="PASS">
          <reporter-output>
          </reporter-output>
        </test-method> <!-- setup -->
        <test-method is-config="true" signature="setUpClass()[pri:0, instance:com.runner.SLLoginRunner@205d38da]" started-at="2024-10-30T03:20:18Z" name="setUpClass" finished-at="2024-10-30T03:20:19Z" duration-ms="322" status="PASS">
          <reporter-output>
          </reporter-output>
        </test-method> <!-- setUpClass -->
        <test-method signature="runScenario(io.cucumber.testng.PickleWrapper, io.cucumber.testng.FeatureWrapper)[pri:0, instance:com.runner.SLLoginRunner@205d38da]" started-at="2024-10-30T03:20:19Z" name="runScenario" description="Runs Cucumber Scenarios" data-provider="scenarios" finished-at="2024-10-30T03:20:19Z" duration-ms="100" status="PASS">
          <params>
            <param index="0">
              <value>
                <![CDATA["As a swaglabs user, I want to login my swaglabs site with valid credentials,"]]>
              </value>
            </param>
            <param index="1">
              <value>
                <![CDATA["Optional[Swaglabs login testing]"]]>
              </value>
            </param>
          </params>
          <reporter-output>
          </reporter-output>
        </test-method> <!-- runScenario -->
        <test-method is-config="true" signature="tearDown()[pri:0, instance:com.runner.SLLoginRunner@205d38da]" started-at="2024-10-30T03:20:19Z" name="tearDown" finished-at="2024-10-30T03:20:19Z" duration-ms="0" status="PASS">
          <reporter-output>
          </reporter-output>
        </test-method> <!-- tearDown -->
        <test-method signature="runScenario(io.cucumber.testng.PickleWrapper, io.cucumber.testng.FeatureWrapper)[pri:0, instance:com.runner.SLLoginRunner@205d38da]" started-at="2024-10-30T03:20:19Z" name="runScenario" description="Runs Cucumber Scenarios" data-provider="scenarios" finished-at="2024-10-30T03:20:19Z" duration-ms="8" status="PASS">
          <params>
            <param index="0">
              <value>
                <![CDATA["As a user , I want to see error message while trying to login with only email no password,"]]>
              </value>
            </param>
            <param index="1">
              <value>
                <![CDATA["Optional[Swaglabs login testing]"]]>
              </value>
            </param>
          </params>
          <reporter-output>
          </reporter-output>
        </test-method> <!-- runScenario -->
        <test-method is-config="true" signature="tearDownClass()[pri:0, instance:com.runner.SLLoginRunner@205d38da]" started-at="2024-10-30T03:20:19Z" name="tearDownClass" finished-at="2024-10-30T03:20:20Z" duration-ms="1485" status="PASS">
          <reporter-output>
          </reporter-output>
        </test-method> <!-- tearDownClass -->
        <test-method is-config="true" signature="tearDown()[pri:0, instance:com.runner.SLLoginRunner@205d38da]" started-at="2024-10-30T03:20:19Z" name="tearDown" finished-at="2024-10-30T03:20:19Z" duration-ms="0" status="PASS">
          <reporter-output>
          </reporter-output>
        </test-method> <!-- tearDown -->
        <test-method is-config="true" signature="tearDown()[pri:0, instance:com.runner.SLLogoutRunner@6950ed69]" started-at="2024-10-30T03:20:21Z" name="tearDown" finished-at="2024-10-30T03:20:21Z" duration-ms="1" status="PASS">
          <reporter-output>
          </reporter-output>
        </test-method> <!-- tearDown -->
        <test-method is-config="true" signature="tearDown()[pri:0, instance:com.runner.SLLoginRunner@205d38da]" started-at="2024-10-30T03:20:21Z" name="tearDown" finished-at="2024-10-30T03:20:21Z" duration-ms="0" status="PASS">
          <reporter-output>
          </reporter-output>
        </test-method> <!-- tearDown -->
      </class> <!-- com.runner.SLLoginRunner -->
      <class name="com.runner.SLLogoutRunner">
        <test-method is-config="true" signature="setUpClass()[pri:0, instance:com.runner.SLLogoutRunner@6950ed69]" started-at="2024-10-30T03:20:20Z" name="setUpClass" finished-at="2024-10-30T03:20:20Z" duration-ms="11" status="PASS">
          <reporter-output>
          </reporter-output>
        </test-method> <!-- setUpClass -->
        <test-method signature="runScenario(io.cucumber.testng.PickleWrapper, io.cucumber.testng.FeatureWrapper)[pri:0, instance:com.runner.SLLogoutRunner@6950ed69]" started-at="2024-10-30T03:20:20Z" name="runScenario" description="Runs Cucumber Scenarios" data-provider="scenarios" finished-at="2024-10-30T03:20:20Z" duration-ms="10" status="PASS">
          <params>
            <param index="0">
              <value>
                <![CDATA["As a logged in user, I want to logout from the swaglabs website,"]]>
              </value>
            </param>
            <param index="1">
              <value>
                <![CDATA["Optional[Swaglabs logout testing]"]]>
              </value>
            </param>
          </params>
          <reporter-output>
          </reporter-output>
        </test-method> <!-- runScenario -->
        <test-method is-config="true" signature="tearDownClass()[pri:0, instance:com.runner.SLLogoutRunner@6950ed69]" started-at="2024-10-30T03:20:20Z" name="tearDownClass" finished-at="2024-10-30T03:20:21Z" duration-ms="629" status="PASS">
          <reporter-output>
          </reporter-output>
        </test-method> <!-- tearDownClass -->
      </class> <!-- com.runner.SLLogoutRunner -->
    </test> <!-- Test -->
  </suite> <!-- Suite -->
</testng-results>
