<?xml version="1.0" encoding="UTF-8"?>
<testsuite xmlns:xsi="http://www.w3.org/2001/XMLSchema-instance" xsi:noNamespaceSchemaLocation="https://maven.apache.org/surefire/maven-surefire-plugin/xsd/surefire-test-report-3.0.xsd" version="3.0" name="TestSuite" time="3.994" tests="3" errors="0" skipped="0" failures="0">
  <properties>
[...]
</properties>
  <testcase name="runScenario[&quot;As a swaglabs user, I want to login my swaglabs site with valid credentials,&quot;, &quot;Optional[Swaglabs login testing]&quot;](1)" classname="com.runner.SLLoginRunner" time="0.101">
    <system-out><![CDATA[[TestNGContentHandler] [WARN] It is strongly recommended to add "<!DOCTYPE suite SYSTEM "http://testng.org/testng-1.0.dtd" >" at the top of your file, otherwise TestNG may fail or not work as expected.

@Functional @TC1 @Smoke @regression
Scenario Outline: As a swaglabs user, I want to login my swaglabs site with valid credentials, # src/test/resources/Swaglabs.Login.feature:23
  Given Open the browser                                                                       # com.stepdef.StepdefSwaglabsLogin.open_the_browser()
  And Pass the URL "https://www.saucedemo.com/"                                                # com.stepdef.StepdefSwaglabsLogin.pass_the_url(java.lang.String)
  When Enter the username "standard_user"                                                      # com.stepdef.StepdefSwaglabsLogin.enter_the_username(java.lang.String)
  And Enter the password "secret_sauce"                                                        # com.stepdef.StepdefSwaglabsLogin.enter_the_password(java.lang.String)
  And Click the login button                                                                   # com.stepdef.StepdefSwaglabsLogin.click_the_login_button()
  And Click the menu bar                                                                       # com.stepdef.StepdefSwaglabsLogin.click_the_menu_bar()
  Then Validate login is successful                                                            # com.stepdef.StepdefSwaglabsLogin.validate_login_is_successful()
  Given Quit all browser                                                                       # com.stepdef.StepdefSwaglabsLogin.tearDown()
]]></system-out>
  </testcase>
  <testcase name="runScenario[&quot;As a user , I want to see error message while trying to login with only email no password,&quot;, &quot;Optional[Swaglabs login testing]&quot;](2)" classname="com.runner.SLLoginRunner" time="0.008">
    <system-out><![CDATA[
@Functional @Regression
Scenario Outline: As a user , I want to see error message while trying to login with only email no password, # src/test/resources/Swaglabs.Login.feature:43
  Given Open the browser                                                                                     # com.stepdef.StepdefSwaglabsLogin.open_the_browser()
  And Pass the URL "https://www.saucedemo.com/"                                                              # com.stepdef.StepdefSwaglabsLogin.pass_the_url(java.lang.String)
  When Enter the username "standard_user"                                                                    # com.stepdef.StepdefSwaglabsLogin.enter_the_username(java.lang.String)
  And Click the login button                                                                                 # com.stepdef.StepdefSwaglabsLogin.click_the_login_button()
  Then Validate error message is displyed                                                                    # com.stepdef.StepdefSwaglabsLogin.validate_error_message_is_displyed()
  Given Quit all browser                                                                                     # com.stepdef.StepdefSwaglabsLogin.tearDown()
]]></system-out>
  </testcase>
  <testcase name="runScenario[&quot;As a logged in user, I want to logout from the swaglabs website,&quot;, &quot;Optional[Swaglabs logout testing]&quot;](1)" classname="com.runner.SLLogoutRunner" time="0.012">
    <system-out><![CDATA[
@Regression
Scenario Outline: As a logged in user, I want to logout from the swaglabs website, # src/test/resources/Swaglabs.Logout.feature:24
  Given Open the browser                                                           # com.stepdef.StepdefSwaglabsLogin.open_the_browser()
  And Pass the URL "https://www.saucedemo.com/"                                    # com.stepdef.StepdefSwaglabsLogin.pass_the_url(java.lang.String)
  When Enter the username "standard_user"                                          # com.stepdef.StepdefSwaglabsLogin.enter_the_username(java.lang.String)
  And Enter the password "secret_sauce"                                            # com.stepdef.StepdefSwaglabsLogin.enter_the_password(java.lang.String)
  And Click the login button                                                       # com.stepdef.StepdefSwaglabsLogin.click_the_login_button()
  And Click the menu bar                                                           # com.stepdef.StepdefSwaglabsLogin.click_the_menu_bar()
  And Click logout button                                                          # com.stepdef.StepdefSwaglabsLogin.click_logout_button()
  Then Validate logout is successful                                               # com.stepdef.StepdefSwaglabsLogin.getSLlogout_is_successful()
  Given Quit all browser                                                           # com.stepdef.StepdefSwaglabsLogin.tearDown()
]]></system-out>
    <system-err><![CDATA[┌──────────────────────────────────────────────────────────────────────────┐
│ View your Cucumber Report at:                                            │
│ https://reports.cucumber.io/reports/3c2e0813-b607-41dc-8593-ca61b3c0f233 │
│                                                                          │
│ This report will self-destruct in 24h.                                   │
│ Keep reports forever: https://reports.cucumber.io/profile                │
└──────────────────────────────────────────────────────────────────────────┘]]></system-err>
  </testcase>
</testsuite>