<?xml version="1.0" encoding="UTF-8"?>
<testng-results ignored="0" total="3" passed="3" failed="0" skipped="0">
  <reporter-output>
  </reporter-output>
  <suite started-at="2024-10-30T02:58:09Z" name="Default suite" finished-at="2024-10-30T02:58:13Z" duration-ms="3742">
    <groups>
      <group name="cucumber">
        <method signature="AbstractTestNGCucumberTests.runScenario(io.cucumber.testng.PickleWrapper, io.cucumber.testng.FeatureWrapper)[pri:0, instance:com.runner.SwaglabsRunnerfile@61e94def]" name="runScenario" class="io.cucumber.testng.AbstractTestNGCucumberTests"/>
      </group> <!-- cucumber -->
    </groups>
    <test started-at="2024-10-30T02:58:09Z" name="Default test" finished-at="2024-10-30T02:58:13Z" duration-ms="3742">
      <class name="com.runner.SwaglabsRunnerfile">
        <test-method is-config="true" signature="setup()[pri:0, instance:com.runner.SwaglabsRunnerfile@61e94def]" started-at="2024-10-30T02:58:09Z" name="setup" finished-at="2024-10-30T02:58:09Z" duration-ms="14" status="PASS">
          <reporter-output>
          </reporter-output>
        </test-method> <!-- setup -->
        <test-method is-config="true" signature="setUpClass()[pri:0, instance:com.runner.SwaglabsRunnerfile@61e94def]" started-at="2024-10-30T02:58:09Z" name="setUpClass" finished-at="2024-10-30T02:58:10Z" duration-ms="1072" status="PASS">
          <reporter-output>
          </reporter-output>
        </test-method> <!-- setUpClass -->
        <test-method signature="runScenario(io.cucumber.testng.PickleWrapper, io.cucumber.testng.FeatureWrapper)[pri:0, instance:com.runner.SwaglabsRunnerfile@61e94def]" started-at="2024-10-30T02:58:10Z" name="runScenario" description="Runs Cucumber Scenarios" data-provider="scenarios" finished-at="2024-10-30T02:58:11Z" duration-ms="346" status="PASS">
          <params>
            <param index="0">
              <value>
                <![CDATA["As a swaglabs user, I want to login my swaglabs site with valid credentials,"]]>
              </value>
            </param>
            <param index="1">
              <value>
                <![CDATA["Optional[Swaglabs login testing]"]]>
              </value>
            </param>
          </params>
          <reporter-output>
          </reporter-output>
        </test-method> <!-- runScenario -->
        <test-method signature="runScenario(io.cucumber.testng.PickleWrapper, io.cucumber.testng.FeatureWrapper)[pri:0, instance:com.runner.SwaglabsRunnerfile@61e94def]" started-at="2024-10-30T02:58:11Z" name="runScenario" description="Runs Cucumber Scenarios" data-provider="scenarios" finished-at="2024-10-30T02:58:11Z" duration-ms="32" status="PASS">
          <params>
            <param index="0">
              <value>
                <![CDATA["As a user , I want to see error message while trying to login with only email no password,"]]>
              </value>
            </param>
            <param index="1">
              <value>
                <![CDATA["Optional[Swaglabs login testing]"]]>
              </value>
            </param>
          </params>
          <reporter-output>
          </reporter-output>
        </test-method> <!-- runScenario -->
        <test-method signature="runScenario(io.cucumber.testng.PickleWrapper, io.cucumber.testng.FeatureWrapper)[pri:0, instance:com.runner.SwaglabsRunnerfile@61e94def]" started-at="2024-10-30T02:58:11Z" name="runScenario" description="Runs Cucumber Scenarios" data-provider="scenarios" finished-at="2024-10-30T02:58:11Z" duration-ms="36" status="PASS">
          <params>
            <param index="0">
              <value>
                <![CDATA["As a logged in user, I want to logout from the swaglabs website,"]]>
              </value>
            </param>
            <param index="1">
              <value>
                <![CDATA["Optional[Swaglabs logout testing]"]]>
              </value>
            </param>
          </params>
          <reporter-output>
          </reporter-output>
        </test-method> <!-- runScenario -->
        <test-method is-config="true" signature="tearDownClass()[pri:0, instance:com.runner.SwaglabsRunnerfile@61e94def]" started-at="2024-10-30T02:58:11Z" name="tearDownClass" finished-at="2024-10-30T02:58:13Z" duration-ms="2186" status="PASS">
          <reporter-output>
          </reporter-output>
        </test-method> <!-- tearDownClass -->
      </class> <!-- com.runner.SwaglabsRunnerfile -->
    </test> <!-- Default test -->
  </suite> <!-- Default suite -->
</testng-results>
